#
# There is insufficient memory for the Java Runtime Environment to continue.
# Native memory allocation (malloc) failed to allocate 208096 bytes for Chunk::new
# Possible reasons:
#   The system is out of physical RAM or swap space
#   In 32 bit mode, the process size limit was hit
# Possible solutions:
#   Reduce memory load on the system
#   Increase physical memory or swap space
#   Check if swap backing store is full
#   Use 64 bit Java on a 64 bit OS
#   Decrease Java heap size (-Xmx/-Xms)
#   Decrease number of Java threads
#   Decrease Java thread stack sizes (-Xss)
#   Set larger code cache with -XX:ReservedCodeCacheSize=
# This output file may be truncated or incomplete.
#
#  Out of Memory Error (allocation.cpp:388), pid=8036, tid=4060
#
# JRE version: Java(TM) SE Runtime Environment (8.0-b132) (build 1.8.0-b132)
# Java VM: Java HotSpot(TM) 64-Bit Server VM (25.0-b70 mixed mode windows-amd64 compressed oops)
# Failed to write core dump. Minidumps are not enabled by default on client versions of Windows
#

---------------  T H R E A D  ---------------

Current thread (0x0000000014a7e800):  JavaThread "C2 CompilerThread0" daemon [_thread_in_native, id=4060, stack(0x0000000015fe0000,0x00000000160e0000)]

Stack: [0x0000000015fe0000,0x00000000160e0000]
Native frames: (J=compiled Java code, j=interpreted, Vv=VM code, C=native code)
V  [jvm.dll+0x308e0a]


Current CompileTask:
C2:   2696  960       4       sun.nio.cs.UTF_8$Decoder::decode (759 bytes)


---------------  P R O C E S S  ---------------

Java Threads: ( => current thread )
  0x00000000191eb000 JavaThread "InterruptTimer" daemon [_thread_blocked, id=6020, stack(0x000000001b3e0000,0x000000001b4e0000)]
  0x000000001948d800 JavaThread "oracle.jdbc.driver.BlockSource.ThreadedCachingBlockSource.BlockReleaser" daemon [_thread_blocked, id=1908, stack(0x000000001b2e0000,0x000000001b3e0000)]
  0x00000000190f5800 JavaThread "Timer-0" daemon [_thread_blocked, id=6312, stack(0x000000001b1e0000,0x000000001b2e0000)]
  0x0000000002380800 JavaThread "DestroyJavaVM" [_thread_blocked, id=7912, stack(0x0000000002280000,0x0000000002380000)]
  0x0000000016522800 JavaThread "AWT-EventQueue-0" [_thread_in_Java, id=7472, stack(0x00000000171e0000,0x00000000172e0000)]
  0x00000000163f7000 JavaThread "AWT-Windows" daemon [_thread_in_native, id=3188, stack(0x0000000016bd0000,0x0000000016cd0000)]
  0x00000000163f4800 JavaThread "AWT-Shutdown" [_thread_blocked, id=4292, stack(0x0000000016ad0000,0x0000000016bd0000)]
  0x00000000163f2800 JavaThread "Java2D Disposer" daemon [_thread_blocked, id=5852, stack(0x00000000169d0000,0x0000000016ad0000)]
  0x00000000162fc800 JavaThread "Service Thread" daemon [_thread_blocked, id=5096, stack(0x00000000166e0000,0x00000000167e0000)]
  0x0000000014a83800 JavaThread "C1 CompilerThread2" daemon [_thread_blocked, id=848, stack(0x00000000161e0000,0x00000000162e0000)]
  0x0000000014a82800 JavaThread "C2 CompilerThread1" daemon [_thread_in_native, id=5584, stack(0x00000000160e0000,0x00000000161e0000)]
=>0x0000000014a7e800 JavaThread "C2 CompilerThread0" daemon [_thread_in_native, id=4060, stack(0x0000000015fe0000,0x00000000160e0000)]
  0x0000000014a7c000 JavaThread "Attach Listener" daemon [_thread_blocked, id=1204, stack(0x0000000015ee0000,0x0000000015fe0000)]
  0x0000000014a7b000 JavaThread "Signal Dispatcher" daemon [_thread_blocked, id=7852, stack(0x0000000015de0000,0x0000000015ee0000)]
  0x0000000002474000 JavaThread "Finalizer" daemon [_thread_blocked, id=5868, stack(0x0000000015ce0000,0x0000000015de0000)]
  0x000000000246b000 JavaThread "Reference Handler" daemon [_thread_blocked, id=7996, stack(0x0000000015be0000,0x0000000015ce0000)]

Other Threads:
  0x0000000014a46000 VMThread [stack: 0x0000000015ae0000,0x0000000015be0000] [id=6980]
  0x00000000162ff000 WatcherThread [stack: 0x00000000167e0000,0x00000000168e0000] [id=4336]

VM state:not at safepoint (normal execution)

VM Mutex/Monitor currently owned by a thread: None

Heap:
 PSYoungGen      total 5632K, used 2349K [0x00000000eb200000, 0x00000000eb900000, 0x0000000100000000)
  eden space 4096K, 20% used [0x00000000eb200000,0x00000000eb2ceaa8,0x00000000eb600000)
  from space 1536K, 99% used [0x00000000eb780000,0x00000000eb8fca20,0x00000000eb900000)
  to   space 1536K, 0% used [0x00000000eb600000,0x00000000eb600000,0x00000000eb780000)
 ParOldGen       total 64000K, used 3095K [0x00000000c1600000, 0x00000000c5480000, 0x00000000eb200000)
  object space 64000K, 4% used [0x00000000c1600000,0x00000000c1905d28,0x00000000c5480000)
 Metaspace       used 17791K, capacity 18018K, committed 18176K, reserved 1064960K
  class space    used 2214K, capacity 2281K, committed 2304K, reserved 1048576K

Card table byte_map: [0x0000000011840000,0x0000000011a40000] byte_map_base: 0x0000000011235000

Marking Bits: (ParMarkBitMap*) 0x00000000666913b0
 Begin Bits: [0x0000000011f90000, 0x0000000012f38000)
 End Bits:   [0x0000000012f38000, 0x0000000013ee0000)

Polling page: 0x0000000002180000

CodeCache: size=245760Kb used=3312Kb max_used=3312Kb free=242447Kb
 bounds [0x0000000002480000, 0x00000000027c0000, 0x0000000011480000]
 total_blobs=1537 nmethods=1010 adapters=441
 compilation: enabled

Compilation events (10 events):
Event: 2.612 Thread 0x0000000014a83800  985       3       java.nio.ByteBuffer::arrayOffset (35 bytes)
Event: 2.613 Thread 0x0000000014a83800 nmethod 985 0x00000000027abed0 code [0x00000000027ac060, 0x00000000027ac358]
Event: 2.616 Thread 0x0000000014a83800  986       3       sun.util.calendar.CalendarDate::setLeapYear (6 bytes)
Event: 2.617 Thread 0x0000000014a83800 nmethod 986 0x00000000027abbd0 code [0x00000000027abd20, 0x00000000027abe70]
Event: 2.619 Thread 0x0000000014a83800  987  s    3       java.io.ByteArrayOutputStream::write (66 bytes)
Event: 2.620 Thread 0x0000000014a83800 nmethod 987 0x00000000027a8590 code [0x00000000027a8740, 0x00000000027a8d68]
Event: 2.620 Thread 0x0000000014a83800  988  s    3       java.io.ByteArrayInputStream::skip (43 bytes)
Event: 2.620 Thread 0x0000000014a83800 nmethod 988 0x00000000027a8010 code [0x00000000027a8180, 0x00000000027a84f0]
Event: 2.620 Thread 0x0000000014a83800  989       3       java.lang.reflect.Constructor::newInstance (87 bytes)
Event: 2.622 Thread 0x0000000014a83800 nmethod 989 0x00000000027a7550 code [0x00000000027a7740, 0x00000000027a7dc8]

GC Heap History (10 events):
Event: 1.107 GC heap before
{Heap before GC invocations=4 (full 0):
 PSYoungGen      total 1536K, used 1504K [0x00000000eb200000, 0x00000000eb500000, 0x0000000100000000)
  eden space 1024K, 100% used [0x00000000eb200000,0x00000000eb300000,0x00000000eb300000)
  from space 512K, 93% used [0x00000000eb300000,0x00000000eb378020,0x00000000eb380000)
  to   space 512K, 0% used [0x00000000eb480000,0x00000000eb480000,0x00000000eb500000)
 ParOldGen       total 64000K, used 800K [0x00000000c1600000, 0x00000000c5480000, 0x00000000eb200000)
  object space 64000K, 1% used [0x00000000c1600000,0x00000000c16c8000,0x00000000c5480000)
 Metaspace       used 9593K, capacity 9718K, committed 9856K, reserved 1058816K
  class space    used 1248K, capacity 1295K, committed 1408K, reserved 1048576K
Event: 1.115 GC heap after
Heap after GC invocations=4 (full 0):
 PSYoungGen      total 2560K, used 512K [0x00000000eb200000, 0x00000000eb500000, 0x0000000100000000)
  eden space 2048K, 0% used [0x00000000eb200000,0x00000000eb200000,0x00000000eb400000)
  from space 512K, 100% used [0x00000000eb480000,0x00000000eb500000,0x00000000eb500000)
  to   space 512K, 0% used [0x00000000eb400000,0x00000000eb400000,0x00000000eb480000)
 ParOldGen       total 64000K, used 1248K [0x00000000c1600000, 0x00000000c5480000, 0x00000000eb200000)
  object space 64000K, 1% used [0x00000000c1600000,0x00000000c1738050,0x00000000c5480000)
 Metaspace       used 9593K, capacity 9718K, committed 9856K, reserved 1058816K
  class space    used 1248K, capacity 1295K, committed 1408K, reserved 1048576K
}
Event: 1.503 GC heap before
{Heap before GC invocations=5 (full 0):
 PSYoungGen      total 2560K, used 2560K [0x00000000eb200000, 0x00000000eb500000, 0x0000000100000000)
  eden space 2048K, 100% used [0x00000000eb200000,0x00000000eb400000,0x00000000eb400000)
  from space 512K, 100% used [0x00000000eb480000,0x00000000eb500000,0x00000000eb500000)
  to   space 512K, 0% used [0x00000000eb400000,0x00000000eb400000,0x00000000eb480000)
 ParOldGen       total 64000K, used 1248K [0x00000000c1600000, 0x00000000c5480000, 0x00000000eb200000)
  object space 64000K, 1% used [0x00000000c1600000,0x00000000c1738050,0x00000000c5480000)
 Metaspace       used 12075K, capacity 12270K, committed 12416K, reserved 1060864K
  class space    used 1561K, capacity 1623K, committed 1664K, reserved 1048576K
Event: 1.511 GC heap after
Heap after GC invocations=5 (full 0):
 PSYoungGen      total 2560K, used 512K [0x00000000eb200000, 0x00000000eb900000, 0x0000000100000000)
  eden space 2048K, 0% used [0x00000000eb200000,0x00000000eb200000,0x00000000eb400000)
  from space 512K, 100% used [0x00000000eb400000,0x00000000eb480000,0x00000000eb480000)
  to   space 1536K, 0% used [0x00000000eb780000,0x00000000eb780000,0x00000000eb900000)
 ParOldGen       total 64000K, used 1802K [0x00000000c1600000, 0x00000000c5480000, 0x00000000eb200000)
  object space 64000K, 2% used [0x00000000c1600000,0x00000000c17c2b00,0x00000000c5480000)
 Metaspace       used 12075K, capacity 12270K, committed 12416K, reserved 1060864K
  class space    used 1561K, capacity 1623K, committed 1664K, reserved 1048576K
}
Event: 1.646 GC heap before
{Heap before GC invocations=6 (full 0):
 PSYoungGen      total 2560K, used 2560K [0x00000000eb200000, 0x00000000eb900000, 0x0000000100000000)
  eden space 2048K, 100% used [0x00000000eb200000,0x00000000eb400000,0x00000000eb400000)
  from space 512K, 100% used [0x00000000eb400000,0x00000000eb480000,0x00000000eb480000)
  to   space 1536K, 0% used [0x00000000eb780000,0x00000000eb780000,0x00000000eb900000)
 ParOldGen       total 64000K, used 1802K [0x00000000c1600000, 0x00000000c5480000, 0x00000000eb200000)
  object space 64000K, 2% used [0x00000000c1600000,0x00000000c17c2b00,0x00000000c5480000)
 Metaspace       used 12666K, capacity 12882K, committed 13056K, reserved 1060864K
  class space    used 1639K, capacity 1723K, committed 1792K, reserved 1048576K
Event: 1.653 GC heap after
Heap after GC invocations=6 (full 0):
 PSYoungGen      total 5632K, used 1158K [0x00000000eb200000, 0x00000000eb900000, 0x0000000100000000)
  eden space 4096K, 0% used [0x00000000eb200000,0x00000000eb200000,0x00000000eb600000)
  from space 1536K, 75% used [0x00000000eb780000,0x00000000eb8a1850,0x00000000eb900000)
  to   space 1536K, 0% used [0x00000000eb600000,0x00000000eb600000,0x00000000eb780000)
 ParOldGen       total 64000K, used 1810K [0x00000000c1600000, 0x00000000c5480000, 0x00000000eb200000)
  object space 64000K, 2% used [0x00000000c1600000,0x00000000c17c4b00,0x00000000c5480000)
 Metaspace       used 12666K, capacity 12882K, committed 13056K, reserved 1060864K
  class space    used 1639K, capacity 1723K, committed 1792K, reserved 1048576K
}
Event: 2.061 GC heap before
{Heap before GC invocations=7 (full 0):
 PSYoungGen      total 5632K, used 5254K [0x00000000eb200000, 0x00000000eb900000, 0x0000000100000000)
  eden space 4096K, 100% used [0x00000000eb200000,0x00000000eb600000,0x00000000eb600000)
  from space 1536K, 75% used [0x00000000eb780000,0x00000000eb8a1850,0x00000000eb900000)
  to   space 1536K, 0% used [0x00000000eb600000,0x00000000eb600000,0x00000000eb780000)
 ParOldGen       total 64000K, used 1810K [0x00000000c1600000, 0x00000000c5480000, 0x00000000eb200000)
  object space 64000K, 2% used [0x00000000c1600000,0x00000000c17c4b00,0x00000000c5480000)
 Metaspace       used 15416K, capacity 15634K, committed 15872K, reserved 1062912K
  class space    used 1958K, capacity 2043K, committed 2048K, reserved 1048576K
Event: 2.073 GC heap after
Heap after GC invocations=7 (full 0):
 PSYoungGen      total 5632K, used 1518K [0x00000000eb200000, 0x00000000eb900000, 0x0000000100000000)
  eden space 4096K, 0% used [0x00000000eb200000,0x00000000eb200000,0x00000000eb600000)
  from space 1536K, 98% used [0x00000000eb600000,0x00000000eb77bb78,0x00000000eb780000)
  to   space 1536K, 0% used [0x00000000eb780000,0x00000000eb780000,0x00000000eb900000)
 ParOldGen       total 64000K, used 2265K [0x00000000c1600000, 0x00000000c5480000, 0x00000000eb200000)
  object space 64000K, 3% used [0x00000000c1600000,0x00000000c1836500,0x00000000c5480000)
 Metaspace       used 15416K, capacity 15634K, committed 15872K, reserved 1062912K
  class space    used 1958K, capacity 2043K, committed 2048K, reserved 1048576K
}
Event: 2.586 GC heap before
{Heap before GC invocations=8 (full 0):
 PSYoungGen      total 5632K, used 5614K [0x00000000eb200000, 0x00000000eb900000, 0x0000000100000000)
  eden space 4096K, 100% used [0x00000000eb200000,0x00000000eb600000,0x00000000eb600000)
  from space 1536K, 98% used [0x00000000eb600000,0x00000000eb77bb78,0x00000000eb780000)
  to   space 1536K, 0% used [0x00000000eb780000,0x00000000eb780000,0x00000000eb900000)
 ParOldGen       total 64000K, used 2265K [0x00000000c1600000, 0x00000000c5480000, 0x00000000eb200000)
  object space 64000K, 3% used [0x00000000c1600000,0x00000000c1836500,0x00000000c5480000)
 Metaspace       used 17621K, capacity 17794K, committed 18176K, reserved 1064960K
  class space    used 2196K, capacity 2249K, committed 2304K, reserved 1048576K
Event: 2.597 GC heap after
Heap after GC invocations=8 (full 0):
 PSYoungGen      total 5632K, used 1522K [0x00000000eb200000, 0x00000000eb900000, 0x0000000100000000)
  eden space 4096K, 0% used [0x00000000eb200000,0x00000000eb200000,0x00000000eb600000)
  from space 1536K, 99% used [0x00000000eb780000,0x00000000eb8fca20,0x00000000eb900000)
  to   space 1536K, 0% used [0x00000000eb600000,0x00000000eb600000,0x00000000eb780000)
 ParOldGen       total 64000K, used 3095K [0x00000000c1600000, 0x00000000c5480000, 0x00000000eb200000)
  object space 64000K, 4% used [0x00000000c1600000,0x00000000c1905d28,0x00000000c5480000)
 Metaspace       used 17621K, capacity 17794K, committed 18176K, reserved 1064960K
  class space    used 2196K, capacity 2249K, committed 2304K, reserved 1048576K
}

Deoptimization events (5 events):
Event: 1.407 Thread 0x0000000016522800 Uncommon trap: reason=class_check action=maybe_recompile pc=0x000000000261e518 method=java.util.HashMap.putVal(ILjava/lang/Object;Ljava/lang/Object;ZZ)Ljava/lang/Object; @ 253
Event: 1.417 Thread 0x0000000016522800 Uncommon trap: reason=class_check action=maybe_recompile pc=0x000000000261e518 method=java.util.HashMap.putVal(ILjava/lang/Object;Ljava/lang/Object;ZZ)Ljava/lang/Object; @ 253
Event: 1.461 Thread 0x0000000016522800 Uncommon trap: reason=class_check action=maybe_recompile pc=0x000000000261e518 method=java.util.HashMap.putVal(ILjava/lang/Object;Ljava/lang/Object;ZZ)Ljava/lang/Object; @ 253
Event: 1.461 Thread 0x0000000016522800 Uncommon trap: reason=class_check action=maybe_recompile pc=0x000000000261e518 method=java.util.HashMap.putVal(ILjava/lang/Object;Ljava/lang/Object;ZZ)Ljava/lang/Object; @ 253
Event: 1.483 Thread 0x0000000016522800 Uncommon trap: reason=class_check action=maybe_recompile pc=0x000000000261a0c0 method=java.util.HashMap.putVal(ILjava/lang/Object;Ljava/lang/Object;ZZ)Ljava/lang/Object; @ 253

Internal exceptions (10 events):
Event: 1.611 Thread 0x0000000016522800 Exception <a 'java/security/PrivilegedActionException'> (0x00000000eb335e30) thrown at [D:\re\workspace\8-2-build-windows-amd64-cygwin\jdk8\2238\hotspot\src\share\vm\prims\jvm.cpp, line 1248]
Event: 1.612 Thread 0x0000000016522800 Exception <a 'java/security/PrivilegedActionException'> (0x00000000eb336d30) thrown at [D:\re\workspace\8-2-build-windows-amd64-cygwin\jdk8\2238\hotspot\src\share\vm\prims\jvm.cpp, line 1248]
Event: 1.614 Thread 0x0000000016522800 Exception <a 'java/security/PrivilegedActionException'> (0x00000000eb33a440) thrown at [D:\re\workspace\8-2-build-windows-amd64-cygwin\jdk8\2238\hotspot\src\share\vm\prims\jvm.cpp, line 1248]
Event: 1.615 Thread 0x0000000016522800 Exception <a 'java/lang/NoClassDefFoundError': oracle/security/pki/OraclePKIProvider> (0x00000000eb33a670) thrown at [D:\re\workspace\8-2-build-windows-amd64-cygwin\jdk8\2238\hotspot\src\share\vm\classfile\systemDictionary.cpp, line 191]
Event: 1.955 Thread 0x0000000016522800 Exception <a 'java/security/PrivilegedActionException'> (0x00000000eb516978) thrown at [D:\re\workspace\8-2-build-windows-amd64-cygwin\jdk8\2238\hotspot\src\share\vm\prims\jvm.cpp, line 1248]
Event: 2.032 Thread 0x0000000016522800 Exception <a 'java/security/PrivilegedActionException'> (0x00000000eb5befd0) thrown at [D:\re\workspace\8-2-build-windows-amd64-cygwin\jdk8\2238\hotspot\src\share\vm\prims\jvm.cpp, line 1248]
Event: 2.032 Thread 0x0000000016522800 Exception <a 'java/security/PrivilegedActionException'> (0x00000000eb5c0548) thrown at [D:\re\workspace\8-2-build-windows-amd64-cygwin\jdk8\2238\hotspot\src\share\vm\prims\jvm.cpp, line 1248]
Event: 2.164 Thread 0x0000000016522800 Exception <a 'java/security/PrivilegedActionException'> (0x00000000eb2b82e0) thrown at [D:\re\workspace\8-2-build-windows-amd64-cygwin\jdk8\2238\hotspot\src\share\vm\prims\jvm.cpp, line 1248]
Event: 2.233 Thread 0x0000000016522800 Exception <a 'java/security/PrivilegedActionException'> (0x00000000eb33b048) thrown at [D:\re\workspace\8-2-build-windows-amd64-cygwin\jdk8\2238\hotspot\src\share\vm\prims\jvm.cpp, line 1248]
Event: 2.297 Thread 0x0000000016522800 Exception <a 'java/security/PrivilegedActionException'> (0x00000000eb3ef930) thrown at [D:\re\workspace\8-2-build-windows-amd64-cygwin\jdk8\2238\hotspot\src\share\vm\prims\jvm.cpp, line 1248]

Events (10 events):
Event: 2.627 loading class javax/crypto/CryptoAllPermission
Event: 2.627 loading class javax/crypto/CryptoPermission
Event: 2.627 loading class javax/crypto/CryptoPermission done
Event: 2.627 loading class javax/crypto/CryptoAllPermission done
Event: 2.628 loading class javax/crypto/CryptoAllPermissionCollection
Event: 2.628 loading class javax/crypto/CryptoAllPermissionCollection done
Event: 2.628 loading class javax/crypto/JarVerifier
Event: 2.629 loading class javax/crypto/JarVerifier done
Event: 2.630 loading class javax/crypto/JarVerifier$1
Event: 2.630 loading class javax/crypto/JarVerifier$1 done


Dynamic libraries:
0x00007ff6a0b70000 - 0x00007ff6a0ba4000 	C:\Program Files\Java\jdk1.8.0\bin\java.exe
0x00007ff881240000 - 0x00007ff8813ed000 	C:\Windows\SYSTEM32\ntdll.dll
0x00007ff87e9e0000 - 0x00007ff87eb1f000 	C:\Windows\system32\KERNEL32.DLL
0x00007ff87e650000 - 0x00007ff87e766000 	C:\Windows\system32\KERNELBASE.dll
0x00007ff87cd70000 - 0x00007ff87cdfe000 	C:\Windows\system32\apphelp.dll
0x00007ff871fa0000 - 0x00007ff871ff5000 	C:\Windows\AppPatch\AppPatch64\AcGenral.DLL
0x00007ff87f9c0000 - 0x00007ff87fa6a000 	C:\Windows\system32\msvcrt.dll
0x00007ff87e620000 - 0x00007ff87e64e000 	C:\Windows\system32\SspiCli.dll
0x00007ff87e980000 - 0x00007ff87e9d4000 	C:\Windows\system32\SHLWAPI.dll
0x00007ff87f1e0000 - 0x00007ff87f357000 	C:\Windows\system32\USER32.dll
0x00007ff87f5b0000 - 0x00007ff87f744000 	C:\Windows\system32\ole32.dll
0x00007ff87fa80000 - 0x00007ff880fab000 	C:\Windows\system32\SHELL32.dll
0x00007ff87d930000 - 0x00007ff87d951000 	C:\Windows\SYSTEM32\USERENV.dll
0x00007ff87e8d0000 - 0x00007ff87e97a000 	C:\Windows\system32\ADVAPI32.dll
0x00007ff873f30000 - 0x00007ff873f4e000 	C:\Windows\SYSTEM32\MPR.dll
0x00007ff87ebd0000 - 0x00007ff87ed10000 	C:\Windows\system32\RPCRT4.dll
0x00007ff881080000 - 0x00007ff8810d9000 	C:\Windows\SYSTEM32\sechost.dll
0x00007ff87ed10000 - 0x00007ff87ef20000 	C:\Windows\SYSTEM32\combase.dll
0x00007ff87f750000 - 0x00007ff87f89c000 	C:\Windows\system32\GDI32.dll
0x00007ff87e370000 - 0x00007ff87e385000 	C:\Windows\SYSTEM32\profapi.dll
0x00007ff87bc50000 - 0x00007ff87bd02000 	C:\Windows\SYSTEM32\SHCORE.dll
0x00007ff87f1a0000 - 0x00007ff87f1d6000 	C:\Windows\system32\IMM32.DLL
0x00007ff8810e0000 - 0x00007ff881232000 	C:\Windows\system32\MSCTF.dll
0x00007ff879c50000 - 0x00007ff879ecb000 	C:\Windows\WinSxS\amd64_microsoft.windows.common-controls_6595b64144ccf1df_6.0.9600.19394_none_62486577ecb635cf\COMCTL32.dll
0x0000000065e00000 - 0x0000000065ed2000 	C:\Program Files\Java\jdk1.8.0\jre\bin\msvcr100.dll
0x0000000065ee0000 - 0x000000006670a000 	C:\Program Files\Java\jdk1.8.0\jre\bin\server\jvm.dll
0x00007ff875040000 - 0x00007ff875049000 	C:\Windows\SYSTEM32\WSOCK32.dll
0x00007ff8786d0000 - 0x00007ff8786f2000 	C:\Windows\SYSTEM32\WINMM.dll
0x00007ff87f5a0000 - 0x00007ff87f5a7000 	C:\Windows\system32\PSAPI.DLL
0x00007ff87f8a0000 - 0x00007ff87f8fa000 	C:\Windows\system32\WS2_32.dll
0x00007ff8786a0000 - 0x00007ff8786ca000 	C:\Windows\SYSTEM32\WINMMBASE.dll
0x00007ff87eb20000 - 0x00007ff87eb29000 	C:\Windows\system32\NSI.dll
0x00007ff87e880000 - 0x00007ff87e8cf000 	C:\Windows\SYSTEM32\cfgmgr32.dll
0x00007ff87d190000 - 0x00007ff87d1b8000 	C:\Windows\SYSTEM32\DEVOBJ.dll
0x0000000065db0000 - 0x0000000065dbf000 	C:\Program Files\Java\jdk1.8.0\jre\bin\verify.dll
0x0000000065d80000 - 0x0000000065da8000 	C:\Program Files\Java\jdk1.8.0\jre\bin\java.dll
0x0000000065d60000 - 0x0000000065d76000 	C:\Program Files\Java\jdk1.8.0\jre\bin\zip.dll
0x0000000065b80000 - 0x0000000065d16000 	C:\Program Files\Java\jdk1.8.0\jre\bin\awt.dll
0x00007ff880fb0000 - 0x00007ff881077000 	C:\Windows\system32\OLEAUT32.dll
0x00007ff87d010000 - 0x00007ff87d139000 	C:\Windows\system32\uxtheme.dll
0x00007ff87ba50000 - 0x00007ff87ba71000 	C:\Windows\system32\dwmapi.dll
0x00007ff87cfc0000 - 0x00007ff87cfcb000 	C:\Windows\SYSTEM32\kernel.appcore.dll
0x00007ff87e240000 - 0x00007ff87e24b000 	C:\Windows\SYSTEM32\CRYPTBASE.dll
0x00007ff87e1d0000 - 0x00007ff87e233000 	C:\Windows\SYSTEM32\bcryptPrimitives.dll
0x0000000065b30000 - 0x0000000065b77000 	C:\Program Files\Java\jdk1.8.0\jre\bin\fontmanager.dll
0x00007ff86a8b0000 - 0x00007ff86aad1000 	C:\Windows\system32\d3d9.dll
0x00007ff875050000 - 0x00007ff87505a000 	C:\Windows\SYSTEM32\VERSION.dll
0x00007ff8488c0000 - 0x00007ff84adfd000 	C:\Windows\SYSTEM32\igdumdim64.dll
0x00007ff87f3c0000 - 0x00007ff87f59a000 	C:\Windows\system32\SETUPAPI.dll
0x00007ff87a060000 - 0x00007ff87aaa0000 	C:\Windows\SYSTEM32\igdusc64.dll
0x00007ff87f900000 - 0x00007ff87f9b6000 	C:\Windows\SYSTEM32\clbcatq.dll
0x00007ff8725d0000 - 0x00007ff87277e000 	C:\Windows\SYSTEM32\WindowsCodecs.dll
0x00007ff87dc00000 - 0x00007ff87dc20000 	C:\Windows\SYSTEM32\CRYPTSP.dll
0x00007ff87d800000 - 0x00007ff87d836000 	C:\Windows\system32\rsaenh.dll
0x00007ff87de10000 - 0x00007ff87de36000 	C:\Windows\SYSTEM32\bcrypt.dll
0x0000000065d40000 - 0x0000000065d5a000 	C:\Program Files\Java\jdk1.8.0\jre\bin\net.dll
0x00007ff87dba0000 - 0x00007ff87dbf9000 	C:\Windows\system32\mswsock.dll
0x0000000065d20000 - 0x0000000065d31000 	C:\Program Files\Java\jdk1.8.0\jre\bin\nio.dll
0x0000000065ae0000 - 0x0000000065b21000 	C:\Program Files\Java\jdk1.8.0\jre\bin\t2k.dll
0x0000000065ad0000 - 0x0000000065add000 	C:\Program Files\Java\jdk1.8.0\jre\bin\management.dll
0x00007ff87d9a0000 - 0x00007ff87da44000 	C:\Windows\SYSTEM32\DNSAPI.dll
0x00007ff873ed0000 - 0x00007ff873eda000 	C:\Windows\System32\rasadhlp.dll
0x00007ff877e30000 - 0x00007ff877e9b000 	C:\Windows\System32\fwpuclnt.dll
0x0000000065aa0000 - 0x0000000065ac4000 	C:\Program Files\Java\jdk1.8.0\jre\bin\sunec.dll
0x00007ff873eb0000 - 0x00007ff873ec5000 	C:\Windows\system32\napinsp.dll
0x00007ff873e90000 - 0x00007ff873eaa000 	C:\Windows\system32\pnrpnsp.dll
0x00007ff873e80000 - 0x00007ff873e8d000 	C:\Windows\System32\winrnr.dll
0x00007ff873e60000 - 0x00007ff873e74000 	C:\Windows\system32\wshbth.dll
0x00007ff8783e0000 - 0x00007ff87840a000 	C:\Windows\SYSTEM32\IPHLPAPI.DLL
0x00007ff8783c0000 - 0x00007ff8783ca000 	C:\Windows\SYSTEM32\WINNSI.DLL

VM Arguments:
jvm_args: -Dfile.encoding=UTF-8 
java_command: signup
java_class_path (initial): C:\Program Files\NetBeans 8.2\java\modules\ext\beansbinding-1.2.1.jar;C:\Users\Himanshu\Documents\NetBeansProjects\Railway Reservation\build\classes
Launcher Type: SUN_STANDARD

Environment Variables:
PATH=D:\app\SSN\product\11.2.0\dbhome_1\bin;C:\Program Files (x86)\Intel\iCLS Client\;C:\Program Files\Intel\iCLS Client\;C:\Windows\system32;C:\Windows;C:\Windows\System32\Wbem;C:\Windows\System32\WindowsPowerShell\v1.0\;C:\Program Files\Intel\Intel(R) Management Engine Components\DAL;C:\Program Files (x86)\Intel\Intel(R) Management Engine Components\DAL;C:\Program Files\Intel\Intel(R) Management Engine Components\IPT;C:\Program Files (x86)\Intel\Intel(R) Management Engine Components\IPT;C:\Program Files\Java\jdk1.8.0\bin;C:\Program Files\MATLAB\MATLAB Production Server\R2015a\runtime\win64;C:\Program Files\MATLAB\MATLAB Production Server\R2015a\bin;C:\Program Files\MATLAB\MATLAB Production Server\R2015a\polyspace\bin;D:\runtime\win64;D:\bin;D:\polyspace\bin;C:\Program Files\Intel\WiFi\bin\;C:\Program Files\Common Files\Intel\WirelessCommon\;C:\TDM-GCC-32\bin
USERNAME=Himanshu
OS=Windows_NT
PROCESSOR_IDENTIFIER=Intel64 Family 6 Model 61 Stepping 4, GenuineIntel



---------------  S Y S T E M  ---------------

OS: Windows 8.1 , 64 bit Build 9600 

CPU:total 4 (2 cores per cpu, 2 threads per core) family 6 model 61 stepping 4, cmov, cx8, fxsr, mmx, sse, sse2, sse3, ssse3, sse4.1, sse4.2, popcnt, avx, avx2, aes, clmul, erms, ht, tsc, tscinvbit

Memory: 4k page, physical 4099628k(1017968k free), swap 7245356k(5028k free)

vm_info: Java HotSpot(TM) 64-Bit Server VM (25.0-b70) for windows-amd64 JRE (1.8.0-b132), built on Mar  4 2014 03:46:18 by "java_re" with MS VC++ 10.0 (VS2010)

time: Wed Aug 21 21:39:15 2019
elapsed time: 2 seconds

